The system is: Linux - 3.19.0-32-generic - x86_64
Compiling the C compiler identification source file "CMakeCCompilerId.c" succeeded.
Compiler: /usr/bin/cc 
Build flags: 
Id flags:  

The output was:
0


Compilation of the C compiler identification source "CMakeCCompilerId.c" produced "a.out"

The C compiler identification is GNU, found in "/home/watisdeze/Dev/Projects/PRs/Mike/ScMa/builds/CMakeFiles/3.10.1/CompilerIdC/a.out"

Compiling the CXX compiler identification source file "CMakeCXXCompilerId.cpp" succeeded.
Compiler: /usr/bin/c++ 
Build flags: 
Id flags:  

The output was:
0


Compilation of the CXX compiler identification source "CMakeCXXCompilerId.cpp" produced "a.out"

The CXX compiler identification is GNU, found in "/home/watisdeze/Dev/Projects/PRs/Mike/ScMa/builds/CMakeFiles/3.10.1/CompilerIdCXX/a.out"

Determining if the C compiler works passed with the following output:
Change Dir: /home/watisdeze/Dev/Projects/PRs/Mike/ScMa/builds/CMakeFiles/CMakeTmp

Run Build Command:"/usr/bin/make" "cmTC_06350/fast"
/usr/bin/make -f CMakeFiles/cmTC_06350.dir/build.make CMakeFiles/cmTC_06350.dir/build
make[1]: Entering directory `/home/watisdeze/Dev/Projects/PRs/Mike/ScMa/builds/CMakeFiles/CMakeTmp'
Building C object CMakeFiles/cmTC_06350.dir/testCCompiler.c.o
/usr/bin/cc    -o CMakeFiles/cmTC_06350.dir/testCCompiler.c.o   -c /home/watisdeze/Dev/Projects/PRs/Mike/ScMa/builds/CMakeFiles/CMakeTmp/testCCompiler.c
Linking C executable cmTC_06350
/usr/local/bin/cmake -E cmake_link_script CMakeFiles/cmTC_06350.dir/link.txt --verbose=1
/usr/bin/cc      CMakeFiles/cmTC_06350.dir/testCCompiler.c.o  -o cmTC_06350 
make[1]: Leaving directory `/home/watisdeze/Dev/Projects/PRs/Mike/ScMa/builds/CMakeFiles/CMakeTmp'


Detecting C compiler ABI info compiled with the following output:
Change Dir: /home/watisdeze/Dev/Projects/PRs/Mike/ScMa/builds/CMakeFiles/CMakeTmp

Run Build Command:"/usr/bin/make" "cmTC_4fd23/fast"
/usr/bin/make -f CMakeFiles/cmTC_4fd23.dir/build.make CMakeFiles/cmTC_4fd23.dir/build
make[1]: Entering directory `/home/watisdeze/Dev/Projects/PRs/Mike/ScMa/builds/CMakeFiles/CMakeTmp'
Building C object CMakeFiles/cmTC_4fd23.dir/CMakeCCompilerABI.c.o
/usr/bin/cc    -o CMakeFiles/cmTC_4fd23.dir/CMakeCCompilerABI.c.o   -c /usr/local/share/cmake-3.10/Modules/CMakeCCompilerABI.c
Linking C executable cmTC_4fd23
/usr/local/bin/cmake -E cmake_link_script CMakeFiles/cmTC_4fd23.dir/link.txt --verbose=1
/usr/bin/cc     -v CMakeFiles/cmTC_4fd23.dir/CMakeCCompilerABI.c.o  -o cmTC_4fd23 
Using built-in specs.
COLLECT_GCC=/usr/bin/cc
COLLECT_LTO_WRAPPER=/usr/lib/gcc/x86_64-linux-gnu/7/lto-wrapper
OFFLOAD_TARGET_NAMES=nvptx-none
OFFLOAD_TARGET_DEFAULT=1
Target: x86_64-linux-gnu
Configured with: ../src/configure -v --with-pkgversion='Ubuntu 7.4.0-1ubuntu1~14.04~ppa1' --with-bugurl=file:///usr/share/doc/gcc-7/README.Bugs --enable-languages=c,ada,c++,go,brig,d,fortran,objc,obj-c++ --prefix=/usr --with-gcc-major-version-only --program-suffix=-7 --program-prefix=x86_64-linux-gnu- --enable-shared --enable-linker-build-id --libexecdir=/usr/lib --without-included-gettext --enable-threads=posix --libdir=/usr/lib --enable-nls --with-sysroot=/ --enable-clocale=gnu --enable-libstdcxx-debug --enable-libstdcxx-time=yes --with-default-libstdcxx-abi=gcc4-compatible --disable-libstdcxx-dual-abi --enable-gnu-unique-object --disable-vtable-verify --enable-libmpx --enable-plugin --with-system-zlib --with-target-system-zlib --enable-objc-gc=auto --enable-multiarch --disable-werror --with-arch-32=i686 --with-abi=m64 --with-multilib-list=m32,m64,mx32 --enable-multilib --with-tune=generic --enable-offload-targets=nvptx-none --without-cuda-driver --enable-checking=release --build=x86_64-linux-gnu --host=x86_64-linux-gnu --target=x86_64-linux-gnu
Thread model: posix
gcc version 7.4.0 (Ubuntu 7.4.0-1ubuntu1~14.04~ppa1) 
COMPILER_PATH=/usr/lib/gcc/x86_64-linux-gnu/7/:/usr/lib/gcc/x86_64-linux-gnu/7/:/usr/lib/gcc/x86_64-linux-gnu/:/usr/lib/gcc/x86_64-linux-gnu/7/:/usr/lib/gcc/x86_64-linux-gnu/
LIBRARY_PATH=/usr/lib/gcc/x86_64-linux-gnu/7/:/usr/lib/gcc/x86_64-linux-gnu/7/../../../x86_64-linux-gnu/:/usr/lib/gcc/x86_64-linux-gnu/7/../../../../lib/:/lib/x86_64-linux-gnu/:/lib/../lib/:/usr/lib/x86_64-linux-gnu/:/usr/lib/../lib/:/usr/lib/gcc/x86_64-linux-gnu/7/../../../:/lib/:/usr/lib/
COLLECT_GCC_OPTIONS='-v' '-o' 'cmTC_4fd23' '-mtune=generic' '-march=x86-64'
 /usr/lib/gcc/x86_64-linux-gnu/7/collect2 -plugin /usr/lib/gcc/x86_64-linux-gnu/7/liblto_plugin.so -plugin-opt=/usr/lib/gcc/x86_64-linux-gnu/7/lto-wrapper -plugin-opt=-fresolution=/tmp/ccyNOS1D.res -plugin-opt=-pass-through=-lgcc -plugin-opt=-pass-through=-lgcc_s -plugin-opt=-pass-through=-lc -plugin-opt=-pass-through=-lgcc -plugin-opt=-pass-through=-lgcc_s --sysroot=/ --build-id --eh-frame-hdr -m elf_x86_64 --hash-style=gnu --as-needed -dynamic-linker /lib64/ld-linux-x86-64.so.2 -z relro -o cmTC_4fd23 /usr/lib/gcc/x86_64-linux-gnu/7/../../../x86_64-linux-gnu/crt1.o /usr/lib/gcc/x86_64-linux-gnu/7/../../../x86_64-linux-gnu/crti.o /usr/lib/gcc/x86_64-linux-gnu/7/crtbegin.o -L/usr/lib/gcc/x86_64-linux-gnu/7 -L/usr/lib/gcc/x86_64-linux-gnu/7/../../../x86_64-linux-gnu -L/usr/lib/gcc/x86_64-linux-gnu/7/../../../../lib -L/lib/x86_64-linux-gnu -L/lib/../lib -L/usr/lib/x86_64-linux-gnu -L/usr/lib/../lib -L/usr/lib/gcc/x86_64-linux-gnu/7/../../.. CMakeFiles/cmTC_4fd23.dir/CMakeCCompilerABI.c.o -lgcc --as-needed -lgcc_s --no-as-needed -lc -lgcc --as-needed -lgcc_s --no-as-needed /usr/lib/gcc/x86_64-linux-gnu/7/crtend.o /usr/lib/gcc/x86_64-linux-gnu/7/../../../x86_64-linux-gnu/crtn.o
COLLECT_GCC_OPTIONS='-v' '-o' 'cmTC_4fd23' '-mtune=generic' '-march=x86-64'
make[1]: Leaving directory `/home/watisdeze/Dev/Projects/PRs/Mike/ScMa/builds/CMakeFiles/CMakeTmp'


Parsed C implicit link information from above output:
  link line regex: [^( *|.*[/\])(ld|CMAKE_LINK_STARTFILE-NOTFOUND|([^/\]+-)?ld|collect2)[^/\]*( |$)]
  ignore line: [Change Dir: /home/watisdeze/Dev/Projects/PRs/Mike/ScMa/builds/CMakeFiles/CMakeTmp]
  ignore line: []
  ignore line: [Run Build Command:"/usr/bin/make" "cmTC_4fd23/fast"]
  ignore line: [/usr/bin/make -f CMakeFiles/cmTC_4fd23.dir/build.make CMakeFiles/cmTC_4fd23.dir/build]
  ignore line: [make[1]: Entering directory `/home/watisdeze/Dev/Projects/PRs/Mike/ScMa/builds/CMakeFiles/CMakeTmp']
  ignore line: [Building C object CMakeFiles/cmTC_4fd23.dir/CMakeCCompilerABI.c.o]
  ignore line: [/usr/bin/cc    -o CMakeFiles/cmTC_4fd23.dir/CMakeCCompilerABI.c.o   -c /usr/local/share/cmake-3.10/Modules/CMakeCCompilerABI.c]
  ignore line: [Linking C executable cmTC_4fd23]
  ignore line: [/usr/local/bin/cmake -E cmake_link_script CMakeFiles/cmTC_4fd23.dir/link.txt --verbose=1]
  ignore line: [/usr/bin/cc     -v CMakeFiles/cmTC_4fd23.dir/CMakeCCompilerABI.c.o  -o cmTC_4fd23 ]
  ignore line: [Using built-in specs.]
  ignore line: [COLLECT_GCC=/usr/bin/cc]
  ignore line: [COLLECT_LTO_WRAPPER=/usr/lib/gcc/x86_64-linux-gnu/7/lto-wrapper]
  ignore line: [OFFLOAD_TARGET_NAMES=nvptx-none]
  ignore line: [OFFLOAD_TARGET_DEFAULT=1]
  ignore line: [Target: x86_64-linux-gnu]
  ignore line: [Configured with: ../src/configure -v --with-pkgversion='Ubuntu 7.4.0-1ubuntu1~14.04~ppa1' --with-bugurl=file:///usr/share/doc/gcc-7/README.Bugs --enable-languages=c,ada,c++,go,brig,d,fortran,objc,obj-c++ --prefix=/usr --with-gcc-major-version-only --program-suffix=-7 --program-prefix=x86_64-linux-gnu- --enable-shared --enable-linker-build-id --libexecdir=/usr/lib --without-included-gettext --enable-threads=posix --libdir=/usr/lib --enable-nls --with-sysroot=/ --enable-clocale=gnu --enable-libstdcxx-debug --enable-libstdcxx-time=yes --with-default-libstdcxx-abi=gcc4-compatible --disable-libstdcxx-dual-abi --enable-gnu-unique-object --disable-vtable-verify --enable-libmpx --enable-plugin --with-system-zlib --with-target-system-zlib --enable-objc-gc=auto --enable-multiarch --disable-werror --with-arch-32=i686 --with-abi=m64 --with-multilib-list=m32,m64,mx32 --enable-multilib --with-tune=generic --enable-offload-targets=nvptx-none --without-cuda-driver --enable-checking=release --build=x86_64-linux-gnu --host=x86_64-linux-gnu --target=x86_64-linux-gnu]
  ignore line: [Thread model: posix]
  ignore line: [gcc version 7.4.0 (Ubuntu 7.4.0-1ubuntu1~14.04~ppa1) ]
  ignore line: [COMPILER_PATH=/usr/lib/gcc/x86_64-linux-gnu/7/:/usr/lib/gcc/x86_64-linux-gnu/7/:/usr/lib/gcc/x86_64-linux-gnu/:/usr/lib/gcc/x86_64-linux-gnu/7/:/usr/lib/gcc/x86_64-linux-gnu/]
  ignore line: [LIBRARY_PATH=/usr/lib/gcc/x86_64-linux-gnu/7/:/usr/lib/gcc/x86_64-linux-gnu/7/../../../x86_64-linux-gnu/:/usr/lib/gcc/x86_64-linux-gnu/7/../../../../lib/:/lib/x86_64-linux-gnu/:/lib/../lib/:/usr/lib/x86_64-linux-gnu/:/usr/lib/../lib/:/usr/lib/gcc/x86_64-linux-gnu/7/../../../:/lib/:/usr/lib/]
  ignore line: [COLLECT_GCC_OPTIONS='-v' '-o' 'cmTC_4fd23' '-mtune=generic' '-march=x86-64']
  link line: [ /usr/lib/gcc/x86_64-linux-gnu/7/collect2 -plugin /usr/lib/gcc/x86_64-linux-gnu/7/liblto_plugin.so -plugin-opt=/usr/lib/gcc/x86_64-linux-gnu/7/lto-wrapper -plugin-opt=-fresolution=/tmp/ccyNOS1D.res -plugin-opt=-pass-through=-lgcc -plugin-opt=-pass-through=-lgcc_s -plugin-opt=-pass-through=-lc -plugin-opt=-pass-through=-lgcc -plugin-opt=-pass-through=-lgcc_s --sysroot=/ --build-id --eh-frame-hdr -m elf_x86_64 --hash-style=gnu --as-needed -dynamic-linker /lib64/ld-linux-x86-64.so.2 -z relro -o cmTC_4fd23 /usr/lib/gcc/x86_64-linux-gnu/7/../../../x86_64-linux-gnu/crt1.o /usr/lib/gcc/x86_64-linux-gnu/7/../../../x86_64-linux-gnu/crti.o /usr/lib/gcc/x86_64-linux-gnu/7/crtbegin.o -L/usr/lib/gcc/x86_64-linux-gnu/7 -L/usr/lib/gcc/x86_64-linux-gnu/7/../../../x86_64-linux-gnu -L/usr/lib/gcc/x86_64-linux-gnu/7/../../../../lib -L/lib/x86_64-linux-gnu -L/lib/../lib -L/usr/lib/x86_64-linux-gnu -L/usr/lib/../lib -L/usr/lib/gcc/x86_64-linux-gnu/7/../../.. CMakeFiles/cmTC_4fd23.dir/CMakeCCompilerABI.c.o -lgcc --as-needed -lgcc_s --no-as-needed -lc -lgcc --as-needed -lgcc_s --no-as-needed /usr/lib/gcc/x86_64-linux-gnu/7/crtend.o /usr/lib/gcc/x86_64-linux-gnu/7/../../../x86_64-linux-gnu/crtn.o]
    arg [/usr/lib/gcc/x86_64-linux-gnu/7/collect2] ==> ignore
    arg [-plugin] ==> ignore
    arg [/usr/lib/gcc/x86_64-linux-gnu/7/liblto_plugin.so] ==> ignore
    arg [-plugin-opt=/usr/lib/gcc/x86_64-linux-gnu/7/lto-wrapper] ==> ignore
    arg [-plugin-opt=-fresolution=/tmp/ccyNOS1D.res] ==> ignore
    arg [-plugin-opt=-pass-through=-lgcc] ==> ignore
    arg [-plugin-opt=-pass-through=-lgcc_s] ==> ignore
    arg [-plugin-opt=-pass-through=-lc] ==> ignore
    arg [-plugin-opt=-pass-through=-lgcc] ==> ignore
    arg [-plugin-opt=-pass-through=-lgcc_s] ==> ignore
    arg [--sysroot=/] ==> ignore
    arg [--build-id] ==> ignore
    arg [--eh-frame-hdr] ==> ignore
    arg [-m] ==> ignore
    arg [elf_x86_64] ==> ignore
    arg [--hash-style=gnu] ==> ignore
    arg [--as-needed] ==> ignore
    arg [-dynamic-linker] ==> ignore
    arg [/lib64/ld-linux-x86-64.so.2] ==> ignore
    arg [-zrelro] ==> ignore
    arg [-o] ==> ignore
    arg [cmTC_4fd23] ==> ignore
    arg [/usr/lib/gcc/x86_64-linux-gnu/7/../../../x86_64-linux-gnu/crt1.o] ==> ignore
    arg [/usr/lib/gcc/x86_64-linux-gnu/7/../../../x86_64-linux-gnu/crti.o] ==> ignore
    arg [/usr/lib/gcc/x86_64-linux-gnu/7/crtbegin.o] ==> ignore
    arg [-L/usr/lib/gcc/x86_64-linux-gnu/7] ==> dir [/usr/lib/gcc/x86_64-linux-gnu/7]
    arg [-L/usr/lib/gcc/x86_64-linux-gnu/7/../../../x86_64-linux-gnu] ==> dir [/usr/lib/gcc/x86_64-linux-gnu/7/../../../x86_64-linux-gnu]
    arg [-L/usr/lib/gcc/x86_64-linux-gnu/7/../../../../lib] ==> dir [/usr/lib/gcc/x86_64-linux-gnu/7/../../../../lib]
    arg [-L/lib/x86_64-linux-gnu] ==> dir [/lib/x86_64-linux-gnu]
    arg [-L/lib/../lib] ==> dir [/lib/../lib]
    arg [-L/usr/lib/x86_64-linux-gnu] ==> dir [/usr/lib/x86_64-linux-gnu]
    arg [-L/usr/lib/../lib] ==> dir [/usr/lib/../lib]
    arg [-L/usr/lib/gcc/x86_64-linux-gnu/7/../../..] ==> dir [/usr/lib/gcc/x86_64-linux-gnu/7/../../..]
    arg [CMakeFiles/cmTC_4fd23.dir/CMakeCCompilerABI.c.o] ==> ignore
    arg [-lgcc] ==> lib [gcc]
    arg [--as-needed] ==> ignore
    arg [-lgcc_s] ==> lib [gcc_s]
    arg [--no-as-needed] ==> ignore
    arg [-lc] ==> lib [c]
    arg [-lgcc] ==> lib [gcc]
    arg [--as-needed] ==> ignore
    arg [-lgcc_s] ==> lib [gcc_s]
    arg [--no-as-needed] ==> ignore
    arg [/usr/lib/gcc/x86_64-linux-gnu/7/crtend.o] ==> ignore
    arg [/usr/lib/gcc/x86_64-linux-gnu/7/../../../x86_64-linux-gnu/crtn.o] ==> ignore
  collapse library dir [/usr/lib/gcc/x86_64-linux-gnu/7] ==> [/usr/lib/gcc/x86_64-linux-gnu/7]
  collapse library dir [/usr/lib/gcc/x86_64-linux-gnu/7/../../../x86_64-linux-gnu] ==> [/usr/lib/x86_64-linux-gnu]
  collapse library dir [/usr/lib/gcc/x86_64-linux-gnu/7/../../../../lib] ==> [/usr/lib]
  collapse library dir [/lib/x86_64-linux-gnu] ==> [/lib/x86_64-linux-gnu]
  collapse library dir [/lib/../lib] ==> [/lib]
  collapse library dir [/usr/lib/x86_64-linux-gnu] ==> [/usr/lib/x86_64-linux-gnu]
  collapse library dir [/usr/lib/../lib] ==> [/usr/lib]
  collapse library dir [/usr/lib/gcc/x86_64-linux-gnu/7/../../..] ==> [/usr/lib]
  implicit libs: [gcc;gcc_s;c;gcc;gcc_s]
  implicit dirs: [/usr/lib/gcc/x86_64-linux-gnu/7;/usr/lib/x86_64-linux-gnu;/usr/lib;/lib/x86_64-linux-gnu;/lib]
  implicit fwks: []




Detecting C [-std=c11] compiler features compiled with the following output:
Change Dir: /home/watisdeze/Dev/Projects/PRs/Mike/ScMa/builds/CMakeFiles/CMakeTmp

Run Build Command:"/usr/bin/make" "cmTC_4b75c/fast"
/usr/bin/make -f CMakeFiles/cmTC_4b75c.dir/build.make CMakeFiles/cmTC_4b75c.dir/build
make[1]: Entering directory `/home/watisdeze/Dev/Projects/PRs/Mike/ScMa/builds/CMakeFiles/CMakeTmp'
Building C object CMakeFiles/cmTC_4b75c.dir/feature_tests.c.o
/usr/bin/cc   -std=c11 -o CMakeFiles/cmTC_4b75c.dir/feature_tests.c.o   -c /home/watisdeze/Dev/Projects/PRs/Mike/ScMa/builds/CMakeFiles/feature_tests.c
Linking C executable cmTC_4b75c
/usr/local/bin/cmake -E cmake_link_script CMakeFiles/cmTC_4b75c.dir/link.txt --verbose=1
/usr/bin/cc      CMakeFiles/cmTC_4b75c.dir/feature_tests.c.o  -o cmTC_4b75c 
make[1]: Leaving directory `/home/watisdeze/Dev/Projects/PRs/Mike/ScMa/builds/CMakeFiles/CMakeTmp'


    Feature record: C_FEATURE:1c_function_prototypes
    Feature record: C_FEATURE:1c_restrict
    Feature record: C_FEATURE:1c_static_assert
    Feature record: C_FEATURE:1c_variadic_macros


Detecting C [-std=c99] compiler features compiled with the following output:
Change Dir: /home/watisdeze/Dev/Projects/PRs/Mike/ScMa/builds/CMakeFiles/CMakeTmp

Run Build Command:"/usr/bin/make" "cmTC_5c034/fast"
/usr/bin/make -f CMakeFiles/cmTC_5c034.dir/build.make CMakeFiles/cmTC_5c034.dir/build
make[1]: Entering directory `/home/watisdeze/Dev/Projects/PRs/Mike/ScMa/builds/CMakeFiles/CMakeTmp'
Building C object CMakeFiles/cmTC_5c034.dir/feature_tests.c.o
/usr/bin/cc   -std=c99 -o CMakeFiles/cmTC_5c034.dir/feature_tests.c.o   -c /home/watisdeze/Dev/Projects/PRs/Mike/ScMa/builds/CMakeFiles/feature_tests.c
Linking C executable cmTC_5c034
/usr/local/bin/cmake -E cmake_link_script CMakeFiles/cmTC_5c034.dir/link.txt --verbose=1
/usr/bin/cc      CMakeFiles/cmTC_5c034.dir/feature_tests.c.o  -o cmTC_5c034 
make[1]: Leaving directory `/home/watisdeze/Dev/Projects/PRs/Mike/ScMa/builds/CMakeFiles/CMakeTmp'


    Feature record: C_FEATURE:1c_function_prototypes
    Feature record: C_FEATURE:1c_restrict
    Feature record: C_FEATURE:0c_static_assert
    Feature record: C_FEATURE:1c_variadic_macros


Detecting C [-std=c90] compiler features compiled with the following output:
Change Dir: /home/watisdeze/Dev/Projects/PRs/Mike/ScMa/builds/CMakeFiles/CMakeTmp

Run Build Command:"/usr/bin/make" "cmTC_0e357/fast"
/usr/bin/make -f CMakeFiles/cmTC_0e357.dir/build.make CMakeFiles/cmTC_0e357.dir/build
make[1]: Entering directory `/home/watisdeze/Dev/Projects/PRs/Mike/ScMa/builds/CMakeFiles/CMakeTmp'
Building C object CMakeFiles/cmTC_0e357.dir/feature_tests.c.o
/usr/bin/cc   -std=c90 -o CMakeFiles/cmTC_0e357.dir/feature_tests.c.o   -c /home/watisdeze/Dev/Projects/PRs/Mike/ScMa/builds/CMakeFiles/feature_tests.c
Linking C executable cmTC_0e357
/usr/local/bin/cmake -E cmake_link_script CMakeFiles/cmTC_0e357.dir/link.txt --verbose=1
/usr/bin/cc      CMakeFiles/cmTC_0e357.dir/feature_tests.c.o  -o cmTC_0e357 
make[1]: Leaving directory `/home/watisdeze/Dev/Projects/PRs/Mike/ScMa/builds/CMakeFiles/CMakeTmp'


    Feature record: C_FEATURE:1c_function_prototypes
    Feature record: C_FEATURE:0c_restrict
    Feature record: C_FEATURE:0c_static_assert
    Feature record: C_FEATURE:0c_variadic_macros
Determining if the CXX compiler works passed with the following output:
Change Dir: /home/watisdeze/Dev/Projects/PRs/Mike/ScMa/builds/CMakeFiles/CMakeTmp

Run Build Command:"/usr/bin/make" "cmTC_483d6/fast"
/usr/bin/make -f CMakeFiles/cmTC_483d6.dir/build.make CMakeFiles/cmTC_483d6.dir/build
make[1]: Entering directory `/home/watisdeze/Dev/Projects/PRs/Mike/ScMa/builds/CMakeFiles/CMakeTmp'
Building CXX object CMakeFiles/cmTC_483d6.dir/testCXXCompiler.cxx.o
/usr/bin/c++     -o CMakeFiles/cmTC_483d6.dir/testCXXCompiler.cxx.o -c /home/watisdeze/Dev/Projects/PRs/Mike/ScMa/builds/CMakeFiles/CMakeTmp/testCXXCompiler.cxx
Linking CXX executable cmTC_483d6
/usr/local/bin/cmake -E cmake_link_script CMakeFiles/cmTC_483d6.dir/link.txt --verbose=1
/usr/bin/c++       CMakeFiles/cmTC_483d6.dir/testCXXCompiler.cxx.o  -o cmTC_483d6 
make[1]: Leaving directory `/home/watisdeze/Dev/Projects/PRs/Mike/ScMa/builds/CMakeFiles/CMakeTmp'


Detecting CXX compiler ABI info compiled with the following output:
Change Dir: /home/watisdeze/Dev/Projects/PRs/Mike/ScMa/builds/CMakeFiles/CMakeTmp

Run Build Command:"/usr/bin/make" "cmTC_b92f8/fast"
/usr/bin/make -f CMakeFiles/cmTC_b92f8.dir/build.make CMakeFiles/cmTC_b92f8.dir/build
make[1]: Entering directory `/home/watisdeze/Dev/Projects/PRs/Mike/ScMa/builds/CMakeFiles/CMakeTmp'
Building CXX object CMakeFiles/cmTC_b92f8.dir/CMakeCXXCompilerABI.cpp.o
/usr/bin/c++     -o CMakeFiles/cmTC_b92f8.dir/CMakeCXXCompilerABI.cpp.o -c /usr/local/share/cmake-3.10/Modules/CMakeCXXCompilerABI.cpp
Linking CXX executable cmTC_b92f8
/usr/local/bin/cmake -E cmake_link_script CMakeFiles/cmTC_b92f8.dir/link.txt --verbose=1
/usr/bin/c++      -v CMakeFiles/cmTC_b92f8.dir/CMakeCXXCompilerABI.cpp.o  -o cmTC_b92f8 
Using built-in specs.
COLLECT_GCC=/usr/bin/c++
COLLECT_LTO_WRAPPER=/usr/lib/gcc/x86_64-linux-gnu/7/lto-wrapper
OFFLOAD_TARGET_NAMES=nvptx-none
OFFLOAD_TARGET_DEFAULT=1
Target: x86_64-linux-gnu
Configured with: ../src/configure -v --with-pkgversion='Ubuntu 7.4.0-1ubuntu1~14.04~ppa1' --with-bugurl=file:///usr/share/doc/gcc-7/README.Bugs --enable-languages=c,ada,c++,go,brig,d,fortran,objc,obj-c++ --prefix=/usr --with-gcc-major-version-only --program-suffix=-7 --program-prefix=x86_64-linux-gnu- --enable-shared --enable-linker-build-id --libexecdir=/usr/lib --without-included-gettext --enable-threads=posix --libdir=/usr/lib --enable-nls --with-sysroot=/ --enable-clocale=gnu --enable-libstdcxx-debug --enable-libstdcxx-time=yes --with-default-libstdcxx-abi=gcc4-compatible --disable-libstdcxx-dual-abi --enable-gnu-unique-object --disable-vtable-verify --enable-libmpx --enable-plugin --with-system-zlib --with-target-system-zlib --enable-objc-gc=auto --enable-multiarch --disable-werror --with-arch-32=i686 --with-abi=m64 --with-multilib-list=m32,m64,mx32 --enable-multilib --with-tune=generic --enable-offload-targets=nvptx-none --without-cuda-driver --enable-checking=release --build=x86_64-linux-gnu --host=x86_64-linux-gnu --target=x86_64-linux-gnu
Thread model: posix
gcc version 7.4.0 (Ubuntu 7.4.0-1ubuntu1~14.04~ppa1) 
COMPILER_PATH=/usr/lib/gcc/x86_64-linux-gnu/7/:/usr/lib/gcc/x86_64-linux-gnu/7/:/usr/lib/gcc/x86_64-linux-gnu/:/usr/lib/gcc/x86_64-linux-gnu/7/:/usr/lib/gcc/x86_64-linux-gnu/
LIBRARY_PATH=/usr/lib/gcc/x86_64-linux-gnu/7/:/usr/lib/gcc/x86_64-linux-gnu/7/../../../x86_64-linux-gnu/:/usr/lib/gcc/x86_64-linux-gnu/7/../../../../lib/:/lib/x86_64-linux-gnu/:/lib/../lib/:/usr/lib/x86_64-linux-gnu/:/usr/lib/../lib/:/usr/lib/gcc/x86_64-linux-gnu/7/../../../:/lib/:/usr/lib/
COLLECT_GCC_OPTIONS='-v' '-o' 'cmTC_b92f8' '-shared-libgcc' '-mtune=generic' '-march=x86-64'
 /usr/lib/gcc/x86_64-linux-gnu/7/collect2 -plugin /usr/lib/gcc/x86_64-linux-gnu/7/liblto_plugin.so -plugin-opt=/usr/lib/gcc/x86_64-linux-gnu/7/lto-wrapper -plugin-opt=-fresolution=/tmp/cckhOZg8.res -plugin-opt=-pass-through=-lgcc_s -plugin-opt=-pass-through=-lgcc -plugin-opt=-pass-through=-lc -plugin-opt=-pass-through=-lgcc_s -plugin-opt=-pass-through=-lgcc --sysroot=/ --build-id --eh-frame-hdr -m elf_x86_64 --hash-style=gnu --as-needed -dynamic-linker /lib64/ld-linux-x86-64.so.2 -z relro -o cmTC_b92f8 /usr/lib/gcc/x86_64-linux-gnu/7/../../../x86_64-linux-gnu/crt1.o /usr/lib/gcc/x86_64-linux-gnu/7/../../../x86_64-linux-gnu/crti.o /usr/lib/gcc/x86_64-linux-gnu/7/crtbegin.o -L/usr/lib/gcc/x86_64-linux-gnu/7 -L/usr/lib/gcc/x86_64-linux-gnu/7/../../../x86_64-linux-gnu -L/usr/lib/gcc/x86_64-linux-gnu/7/../../../../lib -L/lib/x86_64-linux-gnu -L/lib/../lib -L/usr/lib/x86_64-linux-gnu -L/usr/lib/../lib -L/usr/lib/gcc/x86_64-linux-gnu/7/../../.. CMakeFiles/cmTC_b92f8.dir/CMakeCXXCompilerABI.cpp.o -lstdc++ -lm -lgcc_s -lgcc -lc -lgcc_s -lgcc /usr/lib/gcc/x86_64-linux-gnu/7/crtend.o /usr/lib/gcc/x86_64-linux-gnu/7/../../../x86_64-linux-gnu/crtn.o
COLLECT_GCC_OPTIONS='-v' '-o' 'cmTC_b92f8' '-shared-libgcc' '-mtune=generic' '-march=x86-64'
make[1]: Leaving directory `/home/watisdeze/Dev/Projects/PRs/Mike/ScMa/builds/CMakeFiles/CMakeTmp'


Parsed CXX implicit link information from above output:
  link line regex: [^( *|.*[/\])(ld|CMAKE_LINK_STARTFILE-NOTFOUND|([^/\]+-)?ld|collect2)[^/\]*( |$)]
  ignore line: [Change Dir: /home/watisdeze/Dev/Projects/PRs/Mike/ScMa/builds/CMakeFiles/CMakeTmp]
  ignore line: []
  ignore line: [Run Build Command:"/usr/bin/make" "cmTC_b92f8/fast"]
  ignore line: [/usr/bin/make -f CMakeFiles/cmTC_b92f8.dir/build.make CMakeFiles/cmTC_b92f8.dir/build]
  ignore line: [make[1]: Entering directory `/home/watisdeze/Dev/Projects/PRs/Mike/ScMa/builds/CMakeFiles/CMakeTmp']
  ignore line: [Building CXX object CMakeFiles/cmTC_b92f8.dir/CMakeCXXCompilerABI.cpp.o]
  ignore line: [/usr/bin/c++     -o CMakeFiles/cmTC_b92f8.dir/CMakeCXXCompilerABI.cpp.o -c /usr/local/share/cmake-3.10/Modules/CMakeCXXCompilerABI.cpp]
  ignore line: [Linking CXX executable cmTC_b92f8]
  ignore line: [/usr/local/bin/cmake -E cmake_link_script CMakeFiles/cmTC_b92f8.dir/link.txt --verbose=1]
  ignore line: [/usr/bin/c++      -v CMakeFiles/cmTC_b92f8.dir/CMakeCXXCompilerABI.cpp.o  -o cmTC_b92f8 ]
  ignore line: [Using built-in specs.]
  ignore line: [COLLECT_GCC=/usr/bin/c++]
  ignore line: [COLLECT_LTO_WRAPPER=/usr/lib/gcc/x86_64-linux-gnu/7/lto-wrapper]
  ignore line: [OFFLOAD_TARGET_NAMES=nvptx-none]
  ignore line: [OFFLOAD_TARGET_DEFAULT=1]
  ignore line: [Target: x86_64-linux-gnu]
  ignore line: [Configured with: ../src/configure -v --with-pkgversion='Ubuntu 7.4.0-1ubuntu1~14.04~ppa1' --with-bugurl=file:///usr/share/doc/gcc-7/README.Bugs --enable-languages=c,ada,c++,go,brig,d,fortran,objc,obj-c++ --prefix=/usr --with-gcc-major-version-only --program-suffix=-7 --program-prefix=x86_64-linux-gnu- --enable-shared --enable-linker-build-id --libexecdir=/usr/lib --without-included-gettext --enable-threads=posix --libdir=/usr/lib --enable-nls --with-sysroot=/ --enable-clocale=gnu --enable-libstdcxx-debug --enable-libstdcxx-time=yes --with-default-libstdcxx-abi=gcc4-compatible --disable-libstdcxx-dual-abi --enable-gnu-unique-object --disable-vtable-verify --enable-libmpx --enable-plugin --with-system-zlib --with-target-system-zlib --enable-objc-gc=auto --enable-multiarch --disable-werror --with-arch-32=i686 --with-abi=m64 --with-multilib-list=m32,m64,mx32 --enable-multilib --with-tune=generic --enable-offload-targets=nvptx-none --without-cuda-driver --enable-checking=release --build=x86_64-linux-gnu --host=x86_64-linux-gnu --target=x86_64-linux-gnu]
  ignore line: [Thread model: posix]
  ignore line: [gcc version 7.4.0 (Ubuntu 7.4.0-1ubuntu1~14.04~ppa1) ]
  ignore line: [COMPILER_PATH=/usr/lib/gcc/x86_64-linux-gnu/7/:/usr/lib/gcc/x86_64-linux-gnu/7/:/usr/lib/gcc/x86_64-linux-gnu/:/usr/lib/gcc/x86_64-linux-gnu/7/:/usr/lib/gcc/x86_64-linux-gnu/]
  ignore line: [LIBRARY_PATH=/usr/lib/gcc/x86_64-linux-gnu/7/:/usr/lib/gcc/x86_64-linux-gnu/7/../../../x86_64-linux-gnu/:/usr/lib/gcc/x86_64-linux-gnu/7/../../../../lib/:/lib/x86_64-linux-gnu/:/lib/../lib/:/usr/lib/x86_64-linux-gnu/:/usr/lib/../lib/:/usr/lib/gcc/x86_64-linux-gnu/7/../../../:/lib/:/usr/lib/]
  ignore line: [COLLECT_GCC_OPTIONS='-v' '-o' 'cmTC_b92f8' '-shared-libgcc' '-mtune=generic' '-march=x86-64']
  link line: [ /usr/lib/gcc/x86_64-linux-gnu/7/collect2 -plugin /usr/lib/gcc/x86_64-linux-gnu/7/liblto_plugin.so -plugin-opt=/usr/lib/gcc/x86_64-linux-gnu/7/lto-wrapper -plugin-opt=-fresolution=/tmp/cckhOZg8.res -plugin-opt=-pass-through=-lgcc_s -plugin-opt=-pass-through=-lgcc -plugin-opt=-pass-through=-lc -plugin-opt=-pass-through=-lgcc_s -plugin-opt=-pass-through=-lgcc --sysroot=/ --build-id --eh-frame-hdr -m elf_x86_64 --hash-style=gnu --as-needed -dynamic-linker /lib64/ld-linux-x86-64.so.2 -z relro -o cmTC_b92f8 /usr/lib/gcc/x86_64-linux-gnu/7/../../../x86_64-linux-gnu/crt1.o /usr/lib/gcc/x86_64-linux-gnu/7/../../../x86_64-linux-gnu/crti.o /usr/lib/gcc/x86_64-linux-gnu/7/crtbegin.o -L/usr/lib/gcc/x86_64-linux-gnu/7 -L/usr/lib/gcc/x86_64-linux-gnu/7/../../../x86_64-linux-gnu -L/usr/lib/gcc/x86_64-linux-gnu/7/../../../../lib -L/lib/x86_64-linux-gnu -L/lib/../lib -L/usr/lib/x86_64-linux-gnu -L/usr/lib/../lib -L/usr/lib/gcc/x86_64-linux-gnu/7/../../.. CMakeFiles/cmTC_b92f8.dir/CMakeCXXCompilerABI.cpp.o -lstdc++ -lm -lgcc_s -lgcc -lc -lgcc_s -lgcc /usr/lib/gcc/x86_64-linux-gnu/7/crtend.o /usr/lib/gcc/x86_64-linux-gnu/7/../../../x86_64-linux-gnu/crtn.o]
    arg [/usr/lib/gcc/x86_64-linux-gnu/7/collect2] ==> ignore
    arg [-plugin] ==> ignore
    arg [/usr/lib/gcc/x86_64-linux-gnu/7/liblto_plugin.so] ==> ignore
    arg [-plugin-opt=/usr/lib/gcc/x86_64-linux-gnu/7/lto-wrapper] ==> ignore
    arg [-plugin-opt=-fresolution=/tmp/cckhOZg8.res] ==> ignore
    arg [-plugin-opt=-pass-through=-lgcc_s] ==> ignore
    arg [-plugin-opt=-pass-through=-lgcc] ==> ignore
    arg [-plugin-opt=-pass-through=-lc] ==> ignore
    arg [-plugin-opt=-pass-through=-lgcc_s] ==> ignore
    arg [-plugin-opt=-pass-through=-lgcc] ==> ignore
    arg [--sysroot=/] ==> ignore
    arg [--build-id] ==> ignore
    arg [--eh-frame-hdr] ==> ignore
    arg [-m] ==> ignore
    arg [elf_x86_64] ==> ignore
    arg [--hash-style=gnu] ==> ignore
    arg [--as-needed] ==> ignore
    arg [-dynamic-linker] ==> ignore
    arg [/lib64/ld-linux-x86-64.so.2] ==> ignore
    arg [-zrelro] ==> ignore
    arg [-o] ==> ignore
    arg [cmTC_b92f8] ==> ignore
    arg [/usr/lib/gcc/x86_64-linux-gnu/7/../../../x86_64-linux-gnu/crt1.o] ==> ignore
    arg [/usr/lib/gcc/x86_64-linux-gnu/7/../../../x86_64-linux-gnu/crti.o] ==> ignore
    arg [/usr/lib/gcc/x86_64-linux-gnu/7/crtbegin.o] ==> ignore
    arg [-L/usr/lib/gcc/x86_64-linux-gnu/7] ==> dir [/usr/lib/gcc/x86_64-linux-gnu/7]
    arg [-L/usr/lib/gcc/x86_64-linux-gnu/7/../../../x86_64-linux-gnu] ==> dir [/usr/lib/gcc/x86_64-linux-gnu/7/../../../x86_64-linux-gnu]
    arg [-L/usr/lib/gcc/x86_64-linux-gnu/7/../../../../lib] ==> dir [/usr/lib/gcc/x86_64-linux-gnu/7/../../../../lib]
    arg [-L/lib/x86_64-linux-gnu] ==> dir [/lib/x86_64-linux-gnu]
    arg [-L/lib/../lib] ==> dir [/lib/../lib]
    arg [-L/usr/lib/x86_64-linux-gnu] ==> dir [/usr/lib/x86_64-linux-gnu]
    arg [-L/usr/lib/../lib] ==> dir [/usr/lib/../lib]
    arg [-L/usr/lib/gcc/x86_64-linux-gnu/7/../../..] ==> dir [/usr/lib/gcc/x86_64-linux-gnu/7/../../..]
    arg [CMakeFiles/cmTC_b92f8.dir/CMakeCXXCompilerABI.cpp.o] ==> ignore
    arg [-lstdc++] ==> lib [stdc++]
    arg [-lm] ==> lib [m]
    arg [-lgcc_s] ==> lib [gcc_s]
    arg [-lgcc] ==> lib [gcc]
    arg [-lc] ==> lib [c]
    arg [-lgcc_s] ==> lib [gcc_s]
    arg [-lgcc] ==> lib [gcc]
    arg [/usr/lib/gcc/x86_64-linux-gnu/7/crtend.o] ==> ignore
    arg [/usr/lib/gcc/x86_64-linux-gnu/7/../../../x86_64-linux-gnu/crtn.o] ==> ignore
  collapse library dir [/usr/lib/gcc/x86_64-linux-gnu/7] ==> [/usr/lib/gcc/x86_64-linux-gnu/7]
  collapse library dir [/usr/lib/gcc/x86_64-linux-gnu/7/../../../x86_64-linux-gnu] ==> [/usr/lib/x86_64-linux-gnu]
  collapse library dir [/usr/lib/gcc/x86_64-linux-gnu/7/../../../../lib] ==> [/usr/lib]
  collapse library dir [/lib/x86_64-linux-gnu] ==> [/lib/x86_64-linux-gnu]
  collapse library dir [/lib/../lib] ==> [/lib]
  collapse library dir [/usr/lib/x86_64-linux-gnu] ==> [/usr/lib/x86_64-linux-gnu]
  collapse library dir [/usr/lib/../lib] ==> [/usr/lib]
  collapse library dir [/usr/lib/gcc/x86_64-linux-gnu/7/../../..] ==> [/usr/lib]
  implicit libs: [stdc++;m;gcc_s;gcc;c;gcc_s;gcc]
  implicit dirs: [/usr/lib/gcc/x86_64-linux-gnu/7;/usr/lib/x86_64-linux-gnu;/usr/lib;/lib/x86_64-linux-gnu;/lib]
  implicit fwks: []




Detecting CXX [-std=c++1z] compiler features compiled with the following output:
Change Dir: /home/watisdeze/Dev/Projects/PRs/Mike/ScMa/builds/CMakeFiles/CMakeTmp

Run Build Command:"/usr/bin/make" "cmTC_ca290/fast"
/usr/bin/make -f CMakeFiles/cmTC_ca290.dir/build.make CMakeFiles/cmTC_ca290.dir/build
make[1]: Entering directory `/home/watisdeze/Dev/Projects/PRs/Mike/ScMa/builds/CMakeFiles/CMakeTmp'
Building CXX object CMakeFiles/cmTC_ca290.dir/feature_tests.cxx.o
/usr/bin/c++    -std=c++1z -o CMakeFiles/cmTC_ca290.dir/feature_tests.cxx.o -c /home/watisdeze/Dev/Projects/PRs/Mike/ScMa/builds/CMakeFiles/feature_tests.cxx
Linking CXX executable cmTC_ca290
/usr/local/bin/cmake -E cmake_link_script CMakeFiles/cmTC_ca290.dir/link.txt --verbose=1
/usr/bin/c++       CMakeFiles/cmTC_ca290.dir/feature_tests.cxx.o  -o cmTC_ca290 
make[1]: Leaving directory `/home/watisdeze/Dev/Projects/PRs/Mike/ScMa/builds/CMakeFiles/CMakeTmp'


    Feature record: CXX_FEATURE:1cxx_aggregate_default_initializers
    Feature record: CXX_FEATURE:1cxx_alias_templates
    Feature record: CXX_FEATURE:1cxx_alignas
    Feature record: CXX_FEATURE:1cxx_alignof
    Feature record: CXX_FEATURE:1cxx_attributes
    Feature record: CXX_FEATURE:1cxx_attribute_deprecated
    Feature record: CXX_FEATURE:1cxx_auto_type
    Feature record: CXX_FEATURE:1cxx_binary_literals
    Feature record: CXX_FEATURE:1cxx_constexpr
    Feature record: CXX_FEATURE:1cxx_contextual_conversions
    Feature record: CXX_FEATURE:1cxx_decltype
    Feature record: CXX_FEATURE:1cxx_decltype_auto
    Feature record: CXX_FEATURE:1cxx_decltype_incomplete_return_types
    Feature record: CXX_FEATURE:1cxx_default_function_template_args
    Feature record: CXX_FEATURE:1cxx_defaulted_functions
    Feature record: CXX_FEATURE:1cxx_defaulted_move_initializers
    Feature record: CXX_FEATURE:1cxx_delegating_constructors
    Feature record: CXX_FEATURE:1cxx_deleted_functions
    Feature record: CXX_FEATURE:1cxx_digit_separators
    Feature record: CXX_FEATURE:1cxx_enum_forward_declarations
    Feature record: CXX_FEATURE:1cxx_explicit_conversions
    Feature record: CXX_FEATURE:1cxx_extended_friend_declarations
    Feature record: CXX_FEATURE:1cxx_extern_templates
    Feature record: CXX_FEATURE:1cxx_final
    Feature record: CXX_FEATURE:1cxx_func_identifier
    Feature record: CXX_FEATURE:1cxx_generalized_initializers
    Feature record: CXX_FEATURE:1cxx_generic_lambdas
    Feature record: CXX_FEATURE:1cxx_inheriting_constructors
    Feature record: CXX_FEATURE:1cxx_inline_namespaces
    Feature record: CXX_FEATURE:1cxx_lambdas
    Feature record: CXX_FEATURE:1cxx_lambda_init_captures
    Feature record: CXX_FEATURE:1cxx_local_type_template_args
    Feature record: CXX_FEATURE:1cxx_long_long_type
    Feature record: CXX_FEATURE:1cxx_noexcept
    Feature record: CXX_FEATURE:1cxx_nonstatic_member_init
    Feature record: CXX_FEATURE:1cxx_nullptr
    Feature record: CXX_FEATURE:1cxx_override
    Feature record: CXX_FEATURE:1cxx_range_for
    Feature record: CXX_FEATURE:1cxx_raw_string_literals
    Feature record: CXX_FEATURE:1cxx_reference_qualified_functions
    Feature record: CXX_FEATURE:1cxx_relaxed_constexpr
    Feature record: CXX_FEATURE:1cxx_return_type_deduction
    Feature record: CXX_FEATURE:1cxx_right_angle_brackets
    Feature record: CXX_FEATURE:1cxx_rvalue_references
    Feature record: CXX_FEATURE:1cxx_sizeof_member
    Feature record: CXX_FEATURE:1cxx_static_assert
    Feature record: CXX_FEATURE:1cxx_strong_enums
    Feature record: CXX_FEATURE:1cxx_template_template_parameters
    Feature record: CXX_FEATURE:1cxx_thread_local
    Feature record: CXX_FEATURE:1cxx_trailing_return_types
    Feature record: CXX_FEATURE:1cxx_unicode_literals
    Feature record: CXX_FEATURE:1cxx_uniform_initialization
    Feature record: CXX_FEATURE:1cxx_unrestricted_unions
    Feature record: CXX_FEATURE:1cxx_user_literals
    Feature record: CXX_FEATURE:1cxx_variable_templates
    Feature record: CXX_FEATURE:1cxx_variadic_macros
    Feature record: CXX_FEATURE:1cxx_variadic_templates


Detecting CXX [-std=c++14] compiler features compiled with the following output:
Change Dir: /home/watisdeze/Dev/Projects/PRs/Mike/ScMa/builds/CMakeFiles/CMakeTmp

Run Build Command:"/usr/bin/make" "cmTC_469d8/fast"
/usr/bin/make -f CMakeFiles/cmTC_469d8.dir/build.make CMakeFiles/cmTC_469d8.dir/build
make[1]: Entering directory `/home/watisdeze/Dev/Projects/PRs/Mike/ScMa/builds/CMakeFiles/CMakeTmp'
Building CXX object CMakeFiles/cmTC_469d8.dir/feature_tests.cxx.o
/usr/bin/c++    -std=c++14 -o CMakeFiles/cmTC_469d8.dir/feature_tests.cxx.o -c /home/watisdeze/Dev/Projects/PRs/Mike/ScMa/builds/CMakeFiles/feature_tests.cxx
Linking CXX executable cmTC_469d8
/usr/local/bin/cmake -E cmake_link_script CMakeFiles/cmTC_469d8.dir/link.txt --verbose=1
/usr/bin/c++       CMakeFiles/cmTC_469d8.dir/feature_tests.cxx.o  -o cmTC_469d8 
make[1]: Leaving directory `/home/watisdeze/Dev/Projects/PRs/Mike/ScMa/builds/CMakeFiles/CMakeTmp'


    Feature record: CXX_FEATURE:1cxx_aggregate_default_initializers
    Feature record: CXX_FEATURE:1cxx_alias_templates
    Feature record: CXX_FEATURE:1cxx_alignas
    Feature record: CXX_FEATURE:1cxx_alignof
    Feature record: CXX_FEATURE:1cxx_attributes
    Feature record: CXX_FEATURE:1cxx_attribute_deprecated
    Feature record: CXX_FEATURE:1cxx_auto_type
    Feature record: CXX_FEATURE:1cxx_binary_literals
    Feature record: CXX_FEATURE:1cxx_constexpr
    Feature record: CXX_FEATURE:1cxx_contextual_conversions
    Feature record: CXX_FEATURE:1cxx_decltype
    Feature record: CXX_FEATURE:1cxx_decltype_auto
    Feature record: CXX_FEATURE:1cxx_decltype_incomplete_return_types
    Feature record: CXX_FEATURE:1cxx_default_function_template_args
    Feature record: CXX_FEATURE:1cxx_defaulted_functions
    Feature record: CXX_FEATURE:1cxx_defaulted_move_initializers
    Feature record: CXX_FEATURE:1cxx_delegating_constructors
    Feature record: CXX_FEATURE:1cxx_deleted_functions
    Feature record: CXX_FEATURE:1cxx_digit_separators
    Feature record: CXX_FEATURE:1cxx_enum_forward_declarations
    Feature record: CXX_FEATURE:1cxx_explicit_conversions
    Feature record: CXX_FEATURE:1cxx_extended_friend_declarations
    Feature record: CXX_FEATURE:1cxx_extern_templates
    Feature record: CXX_FEATURE:1cxx_final
    Feature record: CXX_FEATURE:1cxx_func_identifier
    Feature record: CXX_FEATURE:1cxx_generalized_initializers
    Feature record: CXX_FEATURE:1cxx_generic_lambdas
    Feature record: CXX_FEATURE:1cxx_inheriting_constructors
    Feature record: CXX_FEATURE:1cxx_inline_namespaces
    Feature record: CXX_FEATURE:1cxx_lambdas
    Feature record: CXX_FEATURE:1cxx_lambda_init_captures
    Feature record: CXX_FEATURE:1cxx_local_type_template_args
    Feature record: CXX_FEATURE:1cxx_long_long_type
    Feature record: CXX_FEATURE:1cxx_noexcept
    Feature record: CXX_FEATURE:1cxx_nonstatic_member_init
    Feature record: CXX_FEATURE:1cxx_nullptr
    Feature record: CXX_FEATURE:1cxx_override
    Feature record: CXX_FEATURE:1cxx_range_for
    Feature record: CXX_FEATURE:1cxx_raw_string_literals
    Feature record: CXX_FEATURE:1cxx_reference_qualified_functions
    Feature record: CXX_FEATURE:1cxx_relaxed_constexpr
    Feature record: CXX_FEATURE:1cxx_return_type_deduction
    Feature record: CXX_FEATURE:1cxx_right_angle_brackets
    Feature record: CXX_FEATURE:1cxx_rvalue_references
    Feature record: CXX_FEATURE:1cxx_sizeof_member
    Feature record: CXX_FEATURE:1cxx_static_assert
    Feature record: CXX_FEATURE:1cxx_strong_enums
    Feature record: CXX_FEATURE:1cxx_template_template_parameters
    Feature record: CXX_FEATURE:1cxx_thread_local
    Feature record: CXX_FEATURE:1cxx_trailing_return_types
    Feature record: CXX_FEATURE:1cxx_unicode_literals
    Feature record: CXX_FEATURE:1cxx_uniform_initialization
    Feature record: CXX_FEATURE:1cxx_unrestricted_unions
    Feature record: CXX_FEATURE:1cxx_user_literals
    Feature record: CXX_FEATURE:1cxx_variable_templates
    Feature record: CXX_FEATURE:1cxx_variadic_macros
    Feature record: CXX_FEATURE:1cxx_variadic_templates


Detecting CXX [-std=c++11] compiler features compiled with the following output:
Change Dir: /home/watisdeze/Dev/Projects/PRs/Mike/ScMa/builds/CMakeFiles/CMakeTmp

Run Build Command:"/usr/bin/make" "cmTC_96a2c/fast"
/usr/bin/make -f CMakeFiles/cmTC_96a2c.dir/build.make CMakeFiles/cmTC_96a2c.dir/build
make[1]: Entering directory `/home/watisdeze/Dev/Projects/PRs/Mike/ScMa/builds/CMakeFiles/CMakeTmp'
Building CXX object CMakeFiles/cmTC_96a2c.dir/feature_tests.cxx.o
/usr/bin/c++    -std=c++11 -o CMakeFiles/cmTC_96a2c.dir/feature_tests.cxx.o -c /home/watisdeze/Dev/Projects/PRs/Mike/ScMa/builds/CMakeFiles/feature_tests.cxx
Linking CXX executable cmTC_96a2c
/usr/local/bin/cmake -E cmake_link_script CMakeFiles/cmTC_96a2c.dir/link.txt --verbose=1
/usr/bin/c++       CMakeFiles/cmTC_96a2c.dir/feature_tests.cxx.o  -o cmTC_96a2c 
make[1]: Leaving directory `/home/watisdeze/Dev/Projects/PRs/Mike/ScMa/builds/CMakeFiles/CMakeTmp'


    Feature record: CXX_FEATURE:0cxx_aggregate_default_initializers
    Feature record: CXX_FEATURE:1cxx_alias_templates
    Feature record: CXX_FEATURE:1cxx_alignas
    Feature record: CXX_FEATURE:1cxx_alignof
    Feature record: CXX_FEATURE:1cxx_attributes
    Feature record: CXX_FEATURE:0cxx_attribute_deprecated
    Feature record: CXX_FEATURE:1cxx_auto_type
    Feature record: CXX_FEATURE:0cxx_binary_literals
    Feature record: CXX_FEATURE:1cxx_constexpr
    Feature record: CXX_FEATURE:0cxx_contextual_conversions
    Feature record: CXX_FEATURE:1cxx_decltype
    Feature record: CXX_FEATURE:0cxx_decltype_auto
    Feature record: CXX_FEATURE:1cxx_decltype_incomplete_return_types
    Feature record: CXX_FEATURE:1cxx_default_function_template_args
    Feature record: CXX_FEATURE:1cxx_defaulted_functions
    Feature record: CXX_FEATURE:1cxx_defaulted_move_initializers
    Feature record: CXX_FEATURE:1cxx_delegating_constructors
    Feature record: CXX_FEATURE:1cxx_deleted_functions
    Feature record: CXX_FEATURE:0cxx_digit_separators
    Feature record: CXX_FEATURE:1cxx_enum_forward_declarations
    Feature record: CXX_FEATURE:1cxx_explicit_conversions
    Feature record: CXX_FEATURE:1cxx_extended_friend_declarations
    Feature record: CXX_FEATURE:1cxx_extern_templates
    Feature record: CXX_FEATURE:1cxx_final
    Feature record: CXX_FEATURE:1cxx_func_identifier
    Feature record: CXX_FEATURE:1cxx_generalized_initializers
    Feature record: CXX_FEATURE:0cxx_generic_lambdas
    Feature record: CXX_FEATURE:1cxx_inheriting_constructors
    Feature record: CXX_FEATURE:1cxx_inline_namespaces
    Feature record: CXX_FEATURE:1cxx_lambdas
    Feature record: CXX_FEATURE:0cxx_lambda_init_captures
    Feature record: CXX_FEATURE:1cxx_local_type_template_args
    Feature record: CXX_FEATURE:1cxx_long_long_type
    Feature record: CXX_FEATURE:1cxx_noexcept
    Feature record: CXX_FEATURE:1cxx_nonstatic_member_init
    Feature record: CXX_FEATURE:1cxx_nullptr
    Feature record: CXX_FEATURE:1cxx_override
    Feature record: CXX_FEATURE:1cxx_range_for
    Feature record: CXX_FEATURE:1cxx_raw_string_literals
    Feature record: CXX_FEATURE:1cxx_reference_qualified_functions
    Feature record: CXX_FEATURE:0cxx_relaxed_constexpr
    Feature record: CXX_FEATURE:0cxx_return_type_deduction
    Feature record: CXX_FEATURE:1cxx_right_angle_brackets
    Feature record: CXX_FEATURE:1cxx_rvalue_references
    Feature record: CXX_FEATURE:1cxx_sizeof_member
    Feature record: CXX_FEATURE:1cxx_static_assert
    Feature record: CXX_FEATURE:1cxx_strong_enums
    Feature record: CXX_FEATURE:1cxx_template_template_parameters
    Feature record: CXX_FEATURE:1cxx_thread_local
    Feature record: CXX_FEATURE:1cxx_trailing_return_types
    Feature record: CXX_FEATURE:1cxx_unicode_literals
    Feature record: CXX_FEATURE:1cxx_uniform_initialization
    Feature record: CXX_FEATURE:1cxx_unrestricted_unions
    Feature record: CXX_FEATURE:1cxx_user_literals
    Feature record: CXX_FEATURE:0cxx_variable_templates
    Feature record: CXX_FEATURE:1cxx_variadic_macros
    Feature record: CXX_FEATURE:1cxx_variadic_templates


Detecting CXX [-std=c++98] compiler features compiled with the following output:
Change Dir: /home/watisdeze/Dev/Projects/PRs/Mike/ScMa/builds/CMakeFiles/CMakeTmp

Run Build Command:"/usr/bin/make" "cmTC_048c6/fast"
/usr/bin/make -f CMakeFiles/cmTC_048c6.dir/build.make CMakeFiles/cmTC_048c6.dir/build
make[1]: Entering directory `/home/watisdeze/Dev/Projects/PRs/Mike/ScMa/builds/CMakeFiles/CMakeTmp'
Building CXX object CMakeFiles/cmTC_048c6.dir/feature_tests.cxx.o
/usr/bin/c++    -std=c++98 -o CMakeFiles/cmTC_048c6.dir/feature_tests.cxx.o -c /home/watisdeze/Dev/Projects/PRs/Mike/ScMa/builds/CMakeFiles/feature_tests.cxx
Linking CXX executable cmTC_048c6
/usr/local/bin/cmake -E cmake_link_script CMakeFiles/cmTC_048c6.dir/link.txt --verbose=1
/usr/bin/c++       CMakeFiles/cmTC_048c6.dir/feature_tests.cxx.o  -o cmTC_048c6 
make[1]: Leaving directory `/home/watisdeze/Dev/Projects/PRs/Mike/ScMa/builds/CMakeFiles/CMakeTmp'


    Feature record: CXX_FEATURE:0cxx_aggregate_default_initializers
    Feature record: CXX_FEATURE:0cxx_alias_templates
    Feature record: CXX_FEATURE:0cxx_alignas
    Feature record: CXX_FEATURE:0cxx_alignof
    Feature record: CXX_FEATURE:0cxx_attributes
    Feature record: CXX_FEATURE:0cxx_attribute_deprecated
    Feature record: CXX_FEATURE:0cxx_auto_type
    Feature record: CXX_FEATURE:0cxx_binary_literals
    Feature record: CXX_FEATURE:0cxx_constexpr
    Feature record: CXX_FEATURE:0cxx_contextual_conversions
    Feature record: CXX_FEATURE:0cxx_decltype
    Feature record: CXX_FEATURE:0cxx_decltype_auto
    Feature record: CXX_FEATURE:0cxx_decltype_incomplete_return_types
    Feature record: CXX_FEATURE:0cxx_default_function_template_args
    Feature record: CXX_FEATURE:0cxx_defaulted_functions
    Feature record: CXX_FEATURE:0cxx_defaulted_move_initializers
    Feature record: CXX_FEATURE:0cxx_delegating_constructors
    Feature record: CXX_FEATURE:0cxx_deleted_functions
    Feature record: CXX_FEATURE:0cxx_digit_separators
    Feature record: CXX_FEATURE:0cxx_enum_forward_declarations
    Feature record: CXX_FEATURE:0cxx_explicit_conversions
    Feature record: CXX_FEATURE:0cxx_extended_friend_declarations
    Feature record: CXX_FEATURE:0cxx_extern_templates
    Feature record: CXX_FEATURE:0cxx_final
    Feature record: CXX_FEATURE:0cxx_func_identifier
    Feature record: CXX_FEATURE:0cxx_generalized_initializers
    Feature record: CXX_FEATURE:0cxx_generic_lambdas
    Feature record: CXX_FEATURE:0cxx_inheriting_constructors
    Feature record: CXX_FEATURE:0cxx_inline_namespaces
    Feature record: CXX_FEATURE:0cxx_lambdas
    Feature record: CXX_FEATURE:0cxx_lambda_init_captures
    Feature record: CXX_FEATURE:0cxx_local_type_template_args
    Feature record: CXX_FEATURE:0cxx_long_long_type
    Feature record: CXX_FEATURE:0cxx_noexcept
    Feature record: CXX_FEATURE:0cxx_nonstatic_member_init
    Feature record: CXX_FEATURE:0cxx_nullptr
    Feature record: CXX_FEATURE:0cxx_override
    Feature record: CXX_FEATURE:0cxx_range_for
    Feature record: CXX_FEATURE:0cxx_raw_string_literals
    Feature record: CXX_FEATURE:0cxx_reference_qualified_functions
    Feature record: CXX_FEATURE:0cxx_relaxed_constexpr
    Feature record: CXX_FEATURE:0cxx_return_type_deduction
    Feature record: CXX_FEATURE:0cxx_right_angle_brackets
    Feature record: CXX_FEATURE:0cxx_rvalue_references
    Feature record: CXX_FEATURE:0cxx_sizeof_member
    Feature record: CXX_FEATURE:0cxx_static_assert
    Feature record: CXX_FEATURE:0cxx_strong_enums
    Feature record: CXX_FEATURE:1cxx_template_template_parameters
    Feature record: CXX_FEATURE:0cxx_thread_local
    Feature record: CXX_FEATURE:0cxx_trailing_return_types
    Feature record: CXX_FEATURE:0cxx_unicode_literals
    Feature record: CXX_FEATURE:0cxx_uniform_initialization
    Feature record: CXX_FEATURE:0cxx_unrestricted_unions
    Feature record: CXX_FEATURE:0cxx_user_literals
    Feature record: CXX_FEATURE:0cxx_variable_templates
    Feature record: CXX_FEATURE:0cxx_variadic_macros
    Feature record: CXX_FEATURE:0cxx_variadic_templates
Performing C SOURCE FILE Test _WEBP_COMPILATION_TEST succeeded with the following output:
Change Dir: /home/watisdeze/Dev/Projects/PRs/Mike/ScMa/builds/CMakeFiles/CMakeTmp

Run Build Command:"/usr/bin/make" "cmTC_821e5/fast"
/usr/bin/make -f CMakeFiles/cmTC_821e5.dir/build.make CMakeFiles/cmTC_821e5.dir/build
make[1]: Entering directory `/home/watisdeze/Dev/Projects/PRs/Mike/ScMa/builds/CMakeFiles/CMakeTmp'
Building C object CMakeFiles/cmTC_821e5.dir/src.c.o
/usr/bin/cc   -D_WEBP_COMPILATION_TEST   -o CMakeFiles/cmTC_821e5.dir/src.c.o   -c /home/watisdeze/Dev/Projects/PRs/Mike/ScMa/builds/CMakeFiles/CMakeTmp/src.c
Linking C executable cmTC_821e5
/usr/local/bin/cmake -E cmake_link_script CMakeFiles/cmTC_821e5.dir/link.txt --verbose=1
/usr/bin/cc  -D_WEBP_COMPILATION_TEST    CMakeFiles/cmTC_821e5.dir/src.c.o  -o cmTC_821e5 
make[1]: Leaving directory `/home/watisdeze/Dev/Projects/PRs/Mike/ScMa/builds/CMakeFiles/CMakeTmp'

Source file was:
#include <webp/decode.h>
  int main(void) {
  #if WEBP_DECODER_ABI_VERSION < 0x0200
  error; // Deliberate compile-time error
  #endif
  return 0;
  }
Determining if the include file pthread.h exists passed with the following output:
Change Dir: /home/watisdeze/Dev/Projects/PRs/Mike/ScMa/builds/CMakeFiles/CMakeTmp

Run Build Command:"/usr/bin/make" "cmTC_962b5/fast"
/usr/bin/make -f CMakeFiles/cmTC_962b5.dir/build.make CMakeFiles/cmTC_962b5.dir/build
make[1]: Entering directory `/home/watisdeze/Dev/Projects/PRs/Mike/ScMa/builds/CMakeFiles/CMakeTmp'
Building C object CMakeFiles/cmTC_962b5.dir/CheckIncludeFile.c.o
/usr/bin/cc    -o CMakeFiles/cmTC_962b5.dir/CheckIncludeFile.c.o   -c /home/watisdeze/Dev/Projects/PRs/Mike/ScMa/builds/CMakeFiles/CMakeTmp/CheckIncludeFile.c
Linking C executable cmTC_962b5
/usr/local/bin/cmake -E cmake_link_script CMakeFiles/cmTC_962b5.dir/link.txt --verbose=1
/usr/bin/cc      CMakeFiles/cmTC_962b5.dir/CheckIncludeFile.c.o  -o cmTC_962b5 
make[1]: Leaving directory `/home/watisdeze/Dev/Projects/PRs/Mike/ScMa/builds/CMakeFiles/CMakeTmp'


Determining if the function pthread_create exists in the pthread passed with the following output:
Change Dir: /home/watisdeze/Dev/Projects/PRs/Mike/ScMa/builds/CMakeFiles/CMakeTmp

Run Build Command:"/usr/bin/make" "cmTC_b7abb/fast"
/usr/bin/make -f CMakeFiles/cmTC_b7abb.dir/build.make CMakeFiles/cmTC_b7abb.dir/build
make[1]: Entering directory `/home/watisdeze/Dev/Projects/PRs/Mike/ScMa/builds/CMakeFiles/CMakeTmp'
Building C object CMakeFiles/cmTC_b7abb.dir/CheckFunctionExists.c.o
/usr/bin/cc   -DCHECK_FUNCTION_EXISTS=pthread_create   -o CMakeFiles/cmTC_b7abb.dir/CheckFunctionExists.c.o   -c /usr/local/share/cmake-3.10/Modules/CheckFunctionExists.c
Linking C executable cmTC_b7abb
/usr/local/bin/cmake -E cmake_link_script CMakeFiles/cmTC_b7abb.dir/link.txt --verbose=1
/usr/bin/cc  -DCHECK_FUNCTION_EXISTS=pthread_create    CMakeFiles/cmTC_b7abb.dir/CheckFunctionExists.c.o  -o cmTC_b7abb -lpthread 
make[1]: Leaving directory `/home/watisdeze/Dev/Projects/PRs/Mike/ScMa/builds/CMakeFiles/CMakeTmp'


Determining if the function fcntl exists passed with the following output:
Change Dir: /home/watisdeze/Dev/Projects/PRs/Mike/ScMa/builds/CMakeFiles/CMakeTmp

Run Build Command:"/usr/bin/make" "cmTC_b87ca/fast"
/usr/bin/make -f CMakeFiles/cmTC_b87ca.dir/build.make CMakeFiles/cmTC_b87ca.dir/build
make[1]: Entering directory `/home/watisdeze/Dev/Projects/PRs/Mike/ScMa/builds/CMakeFiles/CMakeTmp'
Building C object CMakeFiles/cmTC_b87ca.dir/CheckFunctionExists.c.o
/usr/bin/cc   -DCHECK_FUNCTION_EXISTS=fcntl   -o CMakeFiles/cmTC_b87ca.dir/CheckFunctionExists.c.o   -c /usr/local/share/cmake-3.10/Modules/CheckFunctionExists.c
Linking C executable cmTC_b87ca
/usr/local/bin/cmake -E cmake_link_script CMakeFiles/cmTC_b87ca.dir/link.txt --verbose=1
/usr/bin/cc  -DCHECK_FUNCTION_EXISTS=fcntl    -rdynamic CMakeFiles/cmTC_b87ca.dir/CheckFunctionExists.c.o  -o cmTC_b87ca 
make[1]: Leaving directory `/home/watisdeze/Dev/Projects/PRs/Mike/ScMa/builds/CMakeFiles/CMakeTmp'


Determining if the function poll exists passed with the following output:
Change Dir: /home/watisdeze/Dev/Projects/PRs/Mike/ScMa/builds/CMakeFiles/CMakeTmp

Run Build Command:"/usr/bin/make" "cmTC_e3495/fast"
/usr/bin/make -f CMakeFiles/cmTC_e3495.dir/build.make CMakeFiles/cmTC_e3495.dir/build
make[1]: Entering directory `/home/watisdeze/Dev/Projects/PRs/Mike/ScMa/builds/CMakeFiles/CMakeTmp'
Building C object CMakeFiles/cmTC_e3495.dir/CheckFunctionExists.c.o
/usr/bin/cc   -DCHECK_FUNCTION_EXISTS=poll   -o CMakeFiles/cmTC_e3495.dir/CheckFunctionExists.c.o   -c /usr/local/share/cmake-3.10/Modules/CheckFunctionExists.c
Linking C executable cmTC_e3495
/usr/local/bin/cmake -E cmake_link_script CMakeFiles/cmTC_e3495.dir/link.txt --verbose=1
/usr/bin/cc  -DCHECK_FUNCTION_EXISTS=poll    -rdynamic CMakeFiles/cmTC_e3495.dir/CheckFunctionExists.c.o  -o cmTC_e3495 
make[1]: Leaving directory `/home/watisdeze/Dev/Projects/PRs/Mike/ScMa/builds/CMakeFiles/CMakeTmp'


Determining if the function getaddrinfo exists passed with the following output:
Change Dir: /home/watisdeze/Dev/Projects/PRs/Mike/ScMa/builds/CMakeFiles/CMakeTmp

Run Build Command:"/usr/bin/make" "cmTC_a39d2/fast"
/usr/bin/make -f CMakeFiles/cmTC_a39d2.dir/build.make CMakeFiles/cmTC_a39d2.dir/build
make[1]: Entering directory `/home/watisdeze/Dev/Projects/PRs/Mike/ScMa/builds/CMakeFiles/CMakeTmp'
Building C object CMakeFiles/cmTC_a39d2.dir/CheckFunctionExists.c.o
/usr/bin/cc   -DCHECK_FUNCTION_EXISTS=getaddrinfo   -o CMakeFiles/cmTC_a39d2.dir/CheckFunctionExists.c.o   -c /usr/local/share/cmake-3.10/Modules/CheckFunctionExists.c
Linking C executable cmTC_a39d2
/usr/local/bin/cmake -E cmake_link_script CMakeFiles/cmTC_a39d2.dir/link.txt --verbose=1
/usr/bin/cc  -DCHECK_FUNCTION_EXISTS=getaddrinfo    -rdynamic CMakeFiles/cmTC_a39d2.dir/CheckFunctionExists.c.o  -o cmTC_a39d2 
make[1]: Leaving directory `/home/watisdeze/Dev/Projects/PRs/Mike/ScMa/builds/CMakeFiles/CMakeTmp'


Determining if the function getnameinfo exists passed with the following output:
Change Dir: /home/watisdeze/Dev/Projects/PRs/Mike/ScMa/builds/CMakeFiles/CMakeTmp

Run Build Command:"/usr/bin/make" "cmTC_25121/fast"
/usr/bin/make -f CMakeFiles/cmTC_25121.dir/build.make CMakeFiles/cmTC_25121.dir/build
make[1]: Entering directory `/home/watisdeze/Dev/Projects/PRs/Mike/ScMa/builds/CMakeFiles/CMakeTmp'
Building C object CMakeFiles/cmTC_25121.dir/CheckFunctionExists.c.o
/usr/bin/cc   -DCHECK_FUNCTION_EXISTS=getnameinfo   -o CMakeFiles/cmTC_25121.dir/CheckFunctionExists.c.o   -c /usr/local/share/cmake-3.10/Modules/CheckFunctionExists.c
Linking C executable cmTC_25121
/usr/local/bin/cmake -E cmake_link_script CMakeFiles/cmTC_25121.dir/link.txt --verbose=1
/usr/bin/cc  -DCHECK_FUNCTION_EXISTS=getnameinfo    -rdynamic CMakeFiles/cmTC_25121.dir/CheckFunctionExists.c.o  -o cmTC_25121 
make[1]: Leaving directory `/home/watisdeze/Dev/Projects/PRs/Mike/ScMa/builds/CMakeFiles/CMakeTmp'


Determining if the function gethostbyname_r exists passed with the following output:
Change Dir: /home/watisdeze/Dev/Projects/PRs/Mike/ScMa/builds/CMakeFiles/CMakeTmp

Run Build Command:"/usr/bin/make" "cmTC_93102/fast"
/usr/bin/make -f CMakeFiles/cmTC_93102.dir/build.make CMakeFiles/cmTC_93102.dir/build
make[1]: Entering directory `/home/watisdeze/Dev/Projects/PRs/Mike/ScMa/builds/CMakeFiles/CMakeTmp'
Building C object CMakeFiles/cmTC_93102.dir/CheckFunctionExists.c.o
/usr/bin/cc   -DCHECK_FUNCTION_EXISTS=gethostbyname_r   -o CMakeFiles/cmTC_93102.dir/CheckFunctionExists.c.o   -c /usr/local/share/cmake-3.10/Modules/CheckFunctionExists.c
Linking C executable cmTC_93102
/usr/local/bin/cmake -E cmake_link_script CMakeFiles/cmTC_93102.dir/link.txt --verbose=1
/usr/bin/cc  -DCHECK_FUNCTION_EXISTS=gethostbyname_r    -rdynamic CMakeFiles/cmTC_93102.dir/CheckFunctionExists.c.o  -o cmTC_93102 
make[1]: Leaving directory `/home/watisdeze/Dev/Projects/PRs/Mike/ScMa/builds/CMakeFiles/CMakeTmp'


Determining if the function gethostbyaddr_r exists passed with the following output:
Change Dir: /home/watisdeze/Dev/Projects/PRs/Mike/ScMa/builds/CMakeFiles/CMakeTmp

Run Build Command:"/usr/bin/make" "cmTC_03452/fast"
/usr/bin/make -f CMakeFiles/cmTC_03452.dir/build.make CMakeFiles/cmTC_03452.dir/build
make[1]: Entering directory `/home/watisdeze/Dev/Projects/PRs/Mike/ScMa/builds/CMakeFiles/CMakeTmp'
Building C object CMakeFiles/cmTC_03452.dir/CheckFunctionExists.c.o
/usr/bin/cc   -DCHECK_FUNCTION_EXISTS=gethostbyaddr_r   -o CMakeFiles/cmTC_03452.dir/CheckFunctionExists.c.o   -c /usr/local/share/cmake-3.10/Modules/CheckFunctionExists.c
Linking C executable cmTC_03452
/usr/local/bin/cmake -E cmake_link_script CMakeFiles/cmTC_03452.dir/link.txt --verbose=1
/usr/bin/cc  -DCHECK_FUNCTION_EXISTS=gethostbyaddr_r    -rdynamic CMakeFiles/cmTC_03452.dir/CheckFunctionExists.c.o  -o cmTC_03452 
make[1]: Leaving directory `/home/watisdeze/Dev/Projects/PRs/Mike/ScMa/builds/CMakeFiles/CMakeTmp'


Determining if the function inet_pton exists passed with the following output:
Change Dir: /home/watisdeze/Dev/Projects/PRs/Mike/ScMa/builds/CMakeFiles/CMakeTmp

Run Build Command:"/usr/bin/make" "cmTC_cc48f/fast"
/usr/bin/make -f CMakeFiles/cmTC_cc48f.dir/build.make CMakeFiles/cmTC_cc48f.dir/build
make[1]: Entering directory `/home/watisdeze/Dev/Projects/PRs/Mike/ScMa/builds/CMakeFiles/CMakeTmp'
Building C object CMakeFiles/cmTC_cc48f.dir/CheckFunctionExists.c.o
/usr/bin/cc   -DCHECK_FUNCTION_EXISTS=inet_pton   -o CMakeFiles/cmTC_cc48f.dir/CheckFunctionExists.c.o   -c /usr/local/share/cmake-3.10/Modules/CheckFunctionExists.c
Linking C executable cmTC_cc48f
/usr/local/bin/cmake -E cmake_link_script CMakeFiles/cmTC_cc48f.dir/link.txt --verbose=1
/usr/bin/cc  -DCHECK_FUNCTION_EXISTS=inet_pton    -rdynamic CMakeFiles/cmTC_cc48f.dir/CheckFunctionExists.c.o  -o cmTC_cc48f 
make[1]: Leaving directory `/home/watisdeze/Dev/Projects/PRs/Mike/ScMa/builds/CMakeFiles/CMakeTmp'


Determining if the function inet_ntop exists passed with the following output:
Change Dir: /home/watisdeze/Dev/Projects/PRs/Mike/ScMa/builds/CMakeFiles/CMakeTmp

Run Build Command:"/usr/bin/make" "cmTC_206ae/fast"
/usr/bin/make -f CMakeFiles/cmTC_206ae.dir/build.make CMakeFiles/cmTC_206ae.dir/build
make[1]: Entering directory `/home/watisdeze/Dev/Projects/PRs/Mike/ScMa/builds/CMakeFiles/CMakeTmp'
Building C object CMakeFiles/cmTC_206ae.dir/CheckFunctionExists.c.o
/usr/bin/cc   -DCHECK_FUNCTION_EXISTS=inet_ntop   -o CMakeFiles/cmTC_206ae.dir/CheckFunctionExists.c.o   -c /usr/local/share/cmake-3.10/Modules/CheckFunctionExists.c
Linking C executable cmTC_206ae
/usr/local/bin/cmake -E cmake_link_script CMakeFiles/cmTC_206ae.dir/link.txt --verbose=1
/usr/bin/cc  -DCHECK_FUNCTION_EXISTS=inet_ntop    -rdynamic CMakeFiles/cmTC_206ae.dir/CheckFunctionExists.c.o  -o cmTC_206ae 
make[1]: Leaving directory `/home/watisdeze/Dev/Projects/PRs/Mike/ScMa/builds/CMakeFiles/CMakeTmp'


Performing C SOURCE FILE Test HAS_MSGHDR_FLAGS succeeded with the following output:
Change Dir: /home/watisdeze/Dev/Projects/PRs/Mike/ScMa/builds/CMakeFiles/CMakeTmp

Run Build Command:"/usr/bin/make" "cmTC_9e970/fast"
/usr/bin/make -f CMakeFiles/cmTC_9e970.dir/build.make CMakeFiles/cmTC_9e970.dir/build
make[1]: Entering directory `/home/watisdeze/Dev/Projects/PRs/Mike/ScMa/builds/CMakeFiles/CMakeTmp'
Building C object CMakeFiles/cmTC_9e970.dir/src.c.o
/usr/bin/cc   -DHAS_MSGHDR_FLAGS   -o CMakeFiles/cmTC_9e970.dir/src.c.o   -c /home/watisdeze/Dev/Projects/PRs/Mike/ScMa/builds/CMakeFiles/CMakeTmp/src.c
Linking C executable cmTC_9e970
/usr/local/bin/cmake -E cmake_link_script CMakeFiles/cmTC_9e970.dir/link.txt --verbose=1
/usr/bin/cc  -DHAS_MSGHDR_FLAGS    -rdynamic CMakeFiles/cmTC_9e970.dir/src.c.o  -o cmTC_9e970 
make[1]: Leaving directory `/home/watisdeze/Dev/Projects/PRs/Mike/ScMa/builds/CMakeFiles/CMakeTmp'

Source file was:

#include <sys/types.h>
#include <sys/socket.h>

int main()
{
   (void)sizeof(((struct msghdr *)0)->msg_flags);
   return 0;
}

Determining size of socklen_t passed with the following output:
Change Dir: /home/watisdeze/Dev/Projects/PRs/Mike/ScMa/builds/CMakeFiles/CMakeTmp

Run Build Command:"/usr/bin/make" "cmTC_c230d/fast"
/usr/bin/make -f CMakeFiles/cmTC_c230d.dir/build.make CMakeFiles/cmTC_c230d.dir/build
make[1]: Entering directory `/home/watisdeze/Dev/Projects/PRs/Mike/ScMa/builds/CMakeFiles/CMakeTmp'
Building C object CMakeFiles/cmTC_c230d.dir/HAS_SOCKLEN_T.c.o
/usr/bin/cc    -o CMakeFiles/cmTC_c230d.dir/HAS_SOCKLEN_T.c.o   -c /home/watisdeze/Dev/Projects/PRs/Mike/ScMa/builds/CMakeFiles/CheckTypeSize/HAS_SOCKLEN_T.c
Linking C executable cmTC_c230d
/usr/local/bin/cmake -E cmake_link_script CMakeFiles/cmTC_c230d.dir/link.txt --verbose=1
/usr/bin/cc      -rdynamic CMakeFiles/cmTC_c230d.dir/HAS_SOCKLEN_T.c.o  -o cmTC_c230d 
make[1]: Leaving directory `/home/watisdeze/Dev/Projects/PRs/Mike/ScMa/builds/CMakeFiles/CMakeTmp'


