Determining if the pthread_create exist failed with the following output:
Change Dir: /home/watisdeze/Dev/Projects/PRs/Mike/ScMa/builds/CMakeFiles/CMakeTmp

Run Build Command:"/usr/bin/make" "cmTC_3f0b4/fast"
/usr/bin/make -f CMakeFiles/cmTC_3f0b4.dir/build.make CMakeFiles/cmTC_3f0b4.dir/build
make[1]: Entering directory `/home/watisdeze/Dev/Projects/PRs/Mike/ScMa/builds/CMakeFiles/CMakeTmp'
Building C object CMakeFiles/cmTC_3f0b4.dir/CheckSymbolExists.c.o
/usr/bin/cc    -o CMakeFiles/cmTC_3f0b4.dir/CheckSymbolExists.c.o   -c /home/watisdeze/Dev/Projects/PRs/Mike/ScMa/builds/CMakeFiles/CMakeTmp/CheckSymbolExists.c
Linking C executable cmTC_3f0b4
/usr/local/bin/cmake -E cmake_link_script CMakeFiles/cmTC_3f0b4.dir/link.txt --verbose=1
/usr/bin/cc      CMakeFiles/cmTC_3f0b4.dir/CheckSymbolExists.c.o  -o cmTC_3f0b4 
CMakeFiles/cmTC_3f0b4.dir/CheckSymbolExists.c.o: In function `main':
CheckSymbolExists.c:(.text+0x16): undefined reference to `pthread_create'
collect2: error: ld returned 1 exit status
make[1]: *** [cmTC_3f0b4] Error 1
make[1]: Leaving directory `/home/watisdeze/Dev/Projects/PRs/Mike/ScMa/builds/CMakeFiles/CMakeTmp'
make: *** [cmTC_3f0b4/fast] Error 2

File /home/watisdeze/Dev/Projects/PRs/Mike/ScMa/builds/CMakeFiles/CMakeTmp/CheckSymbolExists.c:
/* */
#include <pthread.h>

int main(int argc, char** argv)
{
  (void)argv;
#ifndef pthread_create
  return ((int*)(&pthread_create))[argc];
#else
  (void)argc;
  return 0;
#endif
}

Determining if the function pthread_create exists in the pthreads failed with the following output:
Change Dir: /home/watisdeze/Dev/Projects/PRs/Mike/ScMa/builds/CMakeFiles/CMakeTmp

Run Build Command:"/usr/bin/make" "cmTC_8675b/fast"
/usr/bin/make -f CMakeFiles/cmTC_8675b.dir/build.make CMakeFiles/cmTC_8675b.dir/build
make[1]: Entering directory `/home/watisdeze/Dev/Projects/PRs/Mike/ScMa/builds/CMakeFiles/CMakeTmp'
Building C object CMakeFiles/cmTC_8675b.dir/CheckFunctionExists.c.o
/usr/bin/cc   -DCHECK_FUNCTION_EXISTS=pthread_create   -o CMakeFiles/cmTC_8675b.dir/CheckFunctionExists.c.o   -c /usr/local/share/cmake-3.10/Modules/CheckFunctionExists.c
Linking C executable cmTC_8675b
/usr/local/bin/cmake -E cmake_link_script CMakeFiles/cmTC_8675b.dir/link.txt --verbose=1
/usr/bin/cc  -DCHECK_FUNCTION_EXISTS=pthread_create    CMakeFiles/cmTC_8675b.dir/CheckFunctionExists.c.o  -o cmTC_8675b -lpthreads 
/usr/bin/ld: cannot find -lpthreads
collect2: error: ld returned 1 exit status
make[1]: *** [cmTC_8675b] Error 1
make[1]: Leaving directory `/home/watisdeze/Dev/Projects/PRs/Mike/ScMa/builds/CMakeFiles/CMakeTmp'
make: *** [cmTC_8675b/fast] Error 2


