Determining if the pthread_create exist failed with the following output:
Change Dir: /home/watisdeze/Dev/Projects/PRs/Micha/ScMa/src/CMakeFiles/CMakeTmp

Run Build Command:"/usr/bin/make" "cmTC_14e98/fast"
/usr/bin/make -f CMakeFiles/cmTC_14e98.dir/build.make CMakeFiles/cmTC_14e98.dir/build
make[1]: Entering directory `/home/watisdeze/Dev/Projects/PRs/Micha/ScMa/src/CMakeFiles/CMakeTmp'
Building C object CMakeFiles/cmTC_14e98.dir/CheckSymbolExists.c.o
/usr/bin/cc     -o CMakeFiles/cmTC_14e98.dir/CheckSymbolExists.c.o   -c /home/watisdeze/Dev/Projects/PRs/Micha/ScMa/src/CMakeFiles/CMakeTmp/CheckSymbolExists.c
Linking C executable cmTC_14e98
/usr/bin/cmake -E cmake_link_script CMakeFiles/cmTC_14e98.dir/link.txt --verbose=1
/usr/bin/cc       CMakeFiles/cmTC_14e98.dir/CheckSymbolExists.c.o  -o cmTC_14e98 
CMakeFiles/cmTC_14e98.dir/CheckSymbolExists.c.o: In function `main':
CheckSymbolExists.c:(.text+0x16): undefined reference to `pthread_create'
collect2: error: ld returned 1 exit status
make[1]: *** [cmTC_14e98] Error 1
make[1]: Leaving directory `/home/watisdeze/Dev/Projects/PRs/Micha/ScMa/src/CMakeFiles/CMakeTmp'
make: *** [cmTC_14e98/fast] Error 2

File /home/watisdeze/Dev/Projects/PRs/Micha/ScMa/src/CMakeFiles/CMakeTmp/CheckSymbolExists.c:
/* */
#include <pthread.h>

int main(int argc, char** argv)
{
  (void)argv;
#ifndef pthread_create
  return ((int*)(&pthread_create))[argc];
#else
  (void)argc;
  return 0;
#endif
}

Determining if the function pthread_create exists in the pthreads failed with the following output:
Change Dir: /home/watisdeze/Dev/Projects/PRs/Micha/ScMa/src/CMakeFiles/CMakeTmp

Run Build Command:"/usr/bin/make" "cmTC_50f63/fast"
/usr/bin/make -f CMakeFiles/cmTC_50f63.dir/build.make CMakeFiles/cmTC_50f63.dir/build
make[1]: Entering directory `/home/watisdeze/Dev/Projects/PRs/Micha/ScMa/src/CMakeFiles/CMakeTmp'
Building C object CMakeFiles/cmTC_50f63.dir/CheckFunctionExists.c.o
/usr/bin/cc    -DCHECK_FUNCTION_EXISTS=pthread_create   -o CMakeFiles/cmTC_50f63.dir/CheckFunctionExists.c.o   -c /usr/share/cmake-3.5/Modules/CheckFunctionExists.c
Linking C executable cmTC_50f63
/usr/bin/cmake -E cmake_link_script CMakeFiles/cmTC_50f63.dir/link.txt --verbose=1
/usr/bin/cc   -DCHECK_FUNCTION_EXISTS=pthread_create    CMakeFiles/cmTC_50f63.dir/CheckFunctionExists.c.o  -o cmTC_50f63 -lpthreads 
/usr/bin/ld: cannot find -lpthreads
collect2: error: ld returned 1 exit status
make[1]: *** [cmTC_50f63] Error 1
make[1]: Leaving directory `/home/watisdeze/Dev/Projects/PRs/Micha/ScMa/src/CMakeFiles/CMakeTmp'
make: *** [cmTC_50f63/fast] Error 2


Determining if the pthread_create exist failed with the following output:
Change Dir: /home/watisdeze/Dev/Projects/PRs/Micha/ScMa/src/CMakeFiles/CMakeTmp

Run Build Command:"/usr/bin/make" "cmTC_e6ddd/fast"
/usr/bin/make -f CMakeFiles/cmTC_e6ddd.dir/build.make CMakeFiles/cmTC_e6ddd.dir/build
make[1]: Entering directory `/home/watisdeze/Dev/Projects/PRs/Micha/ScMa/src/CMakeFiles/CMakeTmp'
Building C object CMakeFiles/cmTC_e6ddd.dir/CheckSymbolExists.c.o
/usr/bin/cc     -o CMakeFiles/cmTC_e6ddd.dir/CheckSymbolExists.c.o   -c /home/watisdeze/Dev/Projects/PRs/Micha/ScMa/src/CMakeFiles/CMakeTmp/CheckSymbolExists.c
Linking C executable cmTC_e6ddd
/usr/bin/cmake -E cmake_link_script CMakeFiles/cmTC_e6ddd.dir/link.txt --verbose=1
/usr/bin/cc       CMakeFiles/cmTC_e6ddd.dir/CheckSymbolExists.c.o  -o cmTC_e6ddd 
CMakeFiles/cmTC_e6ddd.dir/CheckSymbolExists.c.o: In function `main':
CheckSymbolExists.c:(.text+0x16): undefined reference to `pthread_create'
collect2: error: ld returned 1 exit status
make[1]: *** [cmTC_e6ddd] Error 1
make[1]: Leaving directory `/home/watisdeze/Dev/Projects/PRs/Micha/ScMa/src/CMakeFiles/CMakeTmp'
make: *** [cmTC_e6ddd/fast] Error 2

File /home/watisdeze/Dev/Projects/PRs/Micha/ScMa/src/CMakeFiles/CMakeTmp/CheckSymbolExists.c:
/* */
#include <pthread.h>

int main(int argc, char** argv)
{
  (void)argv;
#ifndef pthread_create
  return ((int*)(&pthread_create))[argc];
#else
  (void)argc;
  return 0;
#endif
}

Determining if the function pthread_create exists in the pthreads failed with the following output:
Change Dir: /home/watisdeze/Dev/Projects/PRs/Micha/ScMa/src/CMakeFiles/CMakeTmp

Run Build Command:"/usr/bin/make" "cmTC_2e180/fast"
/usr/bin/make -f CMakeFiles/cmTC_2e180.dir/build.make CMakeFiles/cmTC_2e180.dir/build
make[1]: Entering directory `/home/watisdeze/Dev/Projects/PRs/Micha/ScMa/src/CMakeFiles/CMakeTmp'
Building C object CMakeFiles/cmTC_2e180.dir/CheckFunctionExists.c.o
/usr/bin/cc    -DCHECK_FUNCTION_EXISTS=pthread_create   -o CMakeFiles/cmTC_2e180.dir/CheckFunctionExists.c.o   -c /usr/share/cmake-3.5/Modules/CheckFunctionExists.c
Linking C executable cmTC_2e180
/usr/bin/cmake -E cmake_link_script CMakeFiles/cmTC_2e180.dir/link.txt --verbose=1
/usr/bin/cc   -DCHECK_FUNCTION_EXISTS=pthread_create    CMakeFiles/cmTC_2e180.dir/CheckFunctionExists.c.o  -o cmTC_2e180 -lpthreads 
/usr/bin/ld: cannot find -lpthreads
collect2: error: ld returned 1 exit status
make[1]: *** [cmTC_2e180] Error 1
make[1]: Leaving directory `/home/watisdeze/Dev/Projects/PRs/Micha/ScMa/src/CMakeFiles/CMakeTmp'
make: *** [cmTC_2e180/fast] Error 2


